<?xml version="1.0" encoding="UTF-8"?>
<!-- Generated by org.testng.reporters.JUnitReportReporter -->
<testsuite skipped="0" hostname="DESKTOP-LE7NTDG" name="Facebook.LaunchBrowser" tests="1" failures="0" timestamp="25 Apr 2017 08:18:51 GMT" time="5.569" errors="0">
  <testcase name="SetUp" time="5.569" classname="Facebook.LaunchBrowser"/>
</testsuite> <!-- Facebook.LaunchBrowser -->
