<?xml version="1.0" encoding="UTF-8"?>
<!-- Generated by org.testng.reporters.JUnitReportReporter -->
<testsuite skipped="0" hostname="DESKTOP-LE7NTDG" name="Facebook.RunTest" tests="2" failures="0" timestamp="24 Apr 2017 18:47:48 GMT" time="9.859" errors="0">
  <testcase name="LoginFacebook" time="3.687" classname="Facebook.RunTest"/>
  <testcase name="SetUp" time="6.172" classname="Facebook.RunTest"/>
</testsuite> <!-- Facebook.RunTest -->
