<?xml version="1.0" encoding="UTF-8"?>
<!-- Generated by org.testng.reporters.JUnitReportReporter -->
<testsuite skipped="0" hostname="DESKTOP-LE7NTDG" name="Facebook.MercuryHomepageVerification" tests="2" failures="0" timestamp="25 Apr 2017 08:02:45 GMT" time="8.322" errors="0">
  <testcase name="SetUp" time="8.317" classname="Facebook.MercuryHomepageVerification"/>
  <testcase name="f" time="0.005" classname="Facebook.MercuryHomepageVerification"/>
</testsuite> <!-- Facebook.MercuryHomepageVerification -->
